<?xml version="1.0" encoding="utf-8"?>
<TestRun id="2503d290-9481-4a3c-ad04-e1ba4e65818b" name="@a5e8d98a3d7b 2025-01-04 04:10:49" xmlns="http://microsoft.com/schemas/VisualStudio/TeamTest/2010">
  <Times creation="2025-01-04T04:10:49.4574830+00:00" queuing="2025-01-04T04:10:49.4574832+00:00" start="2025-01-04T04:10:31.5618160+00:00" finish="2025-01-04T04:10:56.0217139+00:00" />
  <TestSettings name="default" id="99f6aeae-540a-4c28-a38a-d71c3b061c17">
    <Deployment runDeploymentRoot="_a5e8d98a3d7b_2025-01-04_04_10_49" />
  </TestSettings>
  <Results>
    <UnitTestResult executionId="954f0184-194d-4916-bd95-fc39ca9dfdd4" testId="d4578188-4fcb-856b-9497-4e14bfa2776b" testName="FakebookIntegrationTests.Selenium.LoginPageTest.Test_LoginPage_InternalUser" computerName="a5e8d98a3d7b" duration="00:00:09.9624728" startTime="2025-01-04T04:10:49.3328488+00:00" endTime="2025-01-04T04:10:49.3329427+00:00" testType="13cdc9d9-ddb5-4fa4-a97d-d965ccfc6d4b" outcome="Passed" testListId="8c84fa94-04c1-424b-9868-57a2d4851a1d" relativeResultsDirectory="954f0184-194d-4916-bd95-fc39ca9dfdd4" />
    <UnitTestResult executionId="1f078035-c77b-43f9-b30f-d0434a7073e4" testId="2b105cf9-4085-2175-7ef3-8a3e8f3e5ceb" testName="FakebookIntegrationTests.Selenium.LoginPageTest.Test_LoginPage_ExternalUser" computerName="a5e8d98a3d7b" duration="00:00:06.2868181" startTime="2025-01-04T04:10:55.6185903+00:00" endTime="2025-01-04T04:10:55.6185904+00:00" testType="13cdc9d9-ddb5-4fa4-a97d-d965ccfc6d4b" outcome="Passed" testListId="8c84fa94-04c1-424b-9868-57a2d4851a1d" relativeResultsDirectory="1f078035-c77b-43f9-b30f-d0434a7073e4" />
  </Results>
  <TestDefinitions>
    <UnitTest name="FakebookIntegrationTests.Selenium.LoginPageTest.Test_LoginPage_ExternalUser" storage="/var/jenkins_home/workspace/fb001-test_internal_user_login/fakebookintegrationtests/bin/debug/net6.0/fakebookintegrationtests.dll" id="2b105cf9-4085-2175-7ef3-8a3e8f3e5ceb">
      <Execution id="1f078035-c77b-43f9-b30f-d0434a7073e4" />
      <TestMethod codeBase="/var/jenkins_home/workspace/FB001-Test_internal_user_login/FakebookIntegrationTests/bin/Debug/net6.0/FakebookIntegrationTests.dll" adapterTypeName="executor://xunit/VsTestRunner2/netcoreapp" className="FakebookIntegrationTests.Selenium.LoginPageTest" name="Test_LoginPage_ExternalUser" />
    </UnitTest>
    <UnitTest name="FakebookIntegrationTests.Selenium.LoginPageTest.Test_LoginPage_InternalUser" storage="/var/jenkins_home/workspace/fb001-test_internal_user_login/fakebookintegrationtests/bin/debug/net6.0/fakebookintegrationtests.dll" id="d4578188-4fcb-856b-9497-4e14bfa2776b">
      <Execution id="954f0184-194d-4916-bd95-fc39ca9dfdd4" />
      <TestMethod codeBase="/var/jenkins_home/workspace/FB001-Test_internal_user_login/FakebookIntegrationTests/bin/Debug/net6.0/FakebookIntegrationTests.dll" adapterTypeName="executor://xunit/VsTestRunner2/netcoreapp" className="FakebookIntegrationTests.Selenium.LoginPageTest" name="Test_LoginPage_InternalUser" />
    </UnitTest>
  </TestDefinitions>
  <TestEntries>
    <TestEntry testId="d4578188-4fcb-856b-9497-4e14bfa2776b" executionId="954f0184-194d-4916-bd95-fc39ca9dfdd4" testListId="8c84fa94-04c1-424b-9868-57a2d4851a1d" />
    <TestEntry testId="2b105cf9-4085-2175-7ef3-8a3e8f3e5ceb" executionId="1f078035-c77b-43f9-b30f-d0434a7073e4" testListId="8c84fa94-04c1-424b-9868-57a2d4851a1d" />
  </TestEntries>
  <TestLists>
    <TestList name="Results Not in a List" id="8c84fa94-04c1-424b-9868-57a2d4851a1d" />
    <TestList name="All Loaded Results" id="19431567-8539-422a-85d7-44ee4e166bda" />
  </TestLists>
  <ResultSummary outcome="Completed">
    <Counters total="2" executed="2" passed="2" failed="0" error="0" timeout="0" aborted="0" inconclusive="0" passedButRunAborted="0" notRunnable="0" notExecuted="0" disconnected="0" warning="0" completed="0" inProgress="0" pending="0" />
    <Output>
      <StdOut>[xUnit.net 00:00:00.01] xUnit.net VSTest Adapter v2.4.5+1caef2f33e (64-bit .NET 6.0.36)
[xUnit.net 00:00:04.46]   Discovering: FakebookIntegrationTests
[xUnit.net 00:00:04.68]   Discovered:  FakebookIntegrationTests
[xUnit.net 00:00:04.69]   Starting:    FakebookIntegrationTests
[xUnit.net 00:00:21.28]   Finished:    FakebookIntegrationTests
</StdOut>
    </Output>
  </ResultSummary>
</TestRun>