<?xml version="1.0" encoding="utf-8"?>
<TestRun id="30a127b2-b4bb-416c-8da7-bc2dd4511d9c" name="@a5e8d98a3d7b 2025-01-04 06:19:36" xmlns="http://microsoft.com/schemas/VisualStudio/TeamTest/2010">
  <Times creation="2025-01-04T06:19:36.1976244+00:00" queuing="2025-01-04T06:19:36.1976247+00:00" start="2025-01-04T06:19:14.1197998+00:00" finish="2025-01-04T06:19:43.1942300+00:00" />
  <TestSettings name="default" id="4a766c5b-c93b-41a3-8867-2018171cae1c">
    <Deployment runDeploymentRoot="_a5e8d98a3d7b_2025-01-04_06_19_36" />
  </TestSettings>
  <Results>
    <UnitTestResult executionId="742c474c-57ea-4afb-89bf-8f37bbac3639" testId="2b105cf9-4085-2175-7ef3-8a3e8f3e5ceb" testName="FakebookIntegrationTests.Selenium.LoginPageTest.Test_LoginPage_ExternalUser" computerName="a5e8d98a3d7b" duration="00:00:06.5142945" startTime="2025-01-04T06:19:42.5630809+00:00" endTime="2025-01-04T06:19:42.5630810+00:00" testType="13cdc9d9-ddb5-4fa4-a97d-d965ccfc6d4b" outcome="Passed" testListId="8c84fa94-04c1-424b-9868-57a2d4851a1d" relativeResultsDirectory="742c474c-57ea-4afb-89bf-8f37bbac3639" />
    <UnitTestResult executionId="ca1c3d47-6095-467f-a460-3c25773f74aa" testId="d4578188-4fcb-856b-9497-4e14bfa2776b" testName="FakebookIntegrationTests.Selenium.LoginPageTest.Test_LoginPage_InternalUser" computerName="a5e8d98a3d7b" duration="00:00:12.5464583" startTime="2025-01-04T06:19:36.0511148+00:00" endTime="2025-01-04T06:19:36.0512816+00:00" testType="13cdc9d9-ddb5-4fa4-a97d-d965ccfc6d4b" outcome="Passed" testListId="8c84fa94-04c1-424b-9868-57a2d4851a1d" relativeResultsDirectory="ca1c3d47-6095-467f-a460-3c25773f74aa" />
  </Results>
  <TestDefinitions>
    <UnitTest name="FakebookIntegrationTests.Selenium.LoginPageTest.Test_LoginPage_ExternalUser" storage="/var/jenkins_home/workspace/fb001-test_internal_user_login/fakebookintegrationtests/bin/debug/net6.0/fakebookintegrationtests.dll" id="2b105cf9-4085-2175-7ef3-8a3e8f3e5ceb">
      <Execution id="742c474c-57ea-4afb-89bf-8f37bbac3639" />
      <TestMethod codeBase="/var/jenkins_home/workspace/FB001-Test_internal_user_login/FakebookIntegrationTests/bin/Debug/net6.0/FakebookIntegrationTests.dll" adapterTypeName="executor://xunit/VsTestRunner2/netcoreapp" className="FakebookIntegrationTests.Selenium.LoginPageTest" name="Test_LoginPage_ExternalUser" />
    </UnitTest>
    <UnitTest name="FakebookIntegrationTests.Selenium.LoginPageTest.Test_LoginPage_InternalUser" storage="/var/jenkins_home/workspace/fb001-test_internal_user_login/fakebookintegrationtests/bin/debug/net6.0/fakebookintegrationtests.dll" id="d4578188-4fcb-856b-9497-4e14bfa2776b">
      <Execution id="ca1c3d47-6095-467f-a460-3c25773f74aa" />
      <TestMethod codeBase="/var/jenkins_home/workspace/FB001-Test_internal_user_login/FakebookIntegrationTests/bin/Debug/net6.0/FakebookIntegrationTests.dll" adapterTypeName="executor://xunit/VsTestRunner2/netcoreapp" className="FakebookIntegrationTests.Selenium.LoginPageTest" name="Test_LoginPage_InternalUser" />
    </UnitTest>
  </TestDefinitions>
  <TestEntries>
    <TestEntry testId="2b105cf9-4085-2175-7ef3-8a3e8f3e5ceb" executionId="742c474c-57ea-4afb-89bf-8f37bbac3639" testListId="8c84fa94-04c1-424b-9868-57a2d4851a1d" />
    <TestEntry testId="d4578188-4fcb-856b-9497-4e14bfa2776b" executionId="ca1c3d47-6095-467f-a460-3c25773f74aa" testListId="8c84fa94-04c1-424b-9868-57a2d4851a1d" />
  </TestEntries>
  <TestLists>
    <TestList name="Results Not in a List" id="8c84fa94-04c1-424b-9868-57a2d4851a1d" />
    <TestList name="All Loaded Results" id="19431567-8539-422a-85d7-44ee4e166bda" />
  </TestLists>
  <ResultSummary outcome="Completed">
    <Counters total="2" executed="2" passed="2" failed="0" error="0" timeout="0" aborted="0" inconclusive="0" passedButRunAborted="0" notRunnable="0" notExecuted="0" disconnected="0" warning="0" completed="0" inProgress="0" pending="0" />
    <Output>
      <StdOut>[xUnit.net 00:00:00.01] xUnit.net VSTest Adapter v2.4.5+1caef2f33e (64-bit .NET 6.0.36)
[xUnit.net 00:00:05.40]   Discovering: FakebookIntegrationTests
[xUnit.net 00:00:05.70]   Discovered:  FakebookIntegrationTests
[xUnit.net 00:00:05.73]   Starting:    FakebookIntegrationTests
[xUnit.net 00:00:25.32]   Finished:    FakebookIntegrationTests
</StdOut>
    </Output>
  </ResultSummary>
</TestRun>