<?xml version="1.0" encoding="utf-8"?>
<TestRun id="31837b72-dd56-4d74-b252-798abcb6c5b4" name="@a5e8d98a3d7b 2025-01-04 06:22:04" xmlns="http://microsoft.com/schemas/VisualStudio/TeamTest/2010">
  <Times creation="2025-01-04T06:22:04.2614023+00:00" queuing="2025-01-04T06:22:04.2614024+00:00" start="2025-01-04T06:21:39.9286966+00:00" finish="2025-01-04T06:22:11.5930949+00:00" />
  <TestSettings name="default" id="0e709238-424a-473b-a738-9c6d28507eca">
    <Deployment runDeploymentRoot="_a5e8d98a3d7b_2025-01-04_06_22_04" />
  </TestSettings>
  <Results>
    <UnitTestResult executionId="3c1ca05a-0293-460d-baab-7fadcf94e95f" testId="2b105cf9-4085-2175-7ef3-8a3e8f3e5ceb" testName="FakebookIntegrationTests.Selenium.LoginPageTest.Test_LoginPage_ExternalUser" computerName="a5e8d98a3d7b" duration="00:00:07.0023527" startTime="2025-01-04T06:22:11.1207892+00:00" endTime="2025-01-04T06:22:11.1207895+00:00" testType="13cdc9d9-ddb5-4fa4-a97d-d965ccfc6d4b" outcome="Passed" testListId="8c84fa94-04c1-424b-9868-57a2d4851a1d" relativeResultsDirectory="3c1ca05a-0293-460d-baab-7fadcf94e95f" />
    <UnitTestResult executionId="bf124080-ff99-47e5-94a9-12a200d0460b" testId="d4578188-4fcb-856b-9497-4e14bfa2776b" testName="FakebookIntegrationTests.Selenium.LoginPageTest.Test_LoginPage_InternalUser" computerName="a5e8d98a3d7b" duration="00:00:12.5166529" startTime="2025-01-04T06:22:04.1193184+00:00" endTime="2025-01-04T06:22:04.1196565+00:00" testType="13cdc9d9-ddb5-4fa4-a97d-d965ccfc6d4b" outcome="Passed" testListId="8c84fa94-04c1-424b-9868-57a2d4851a1d" relativeResultsDirectory="bf124080-ff99-47e5-94a9-12a200d0460b" />
  </Results>
  <TestDefinitions>
    <UnitTest name="FakebookIntegrationTests.Selenium.LoginPageTest.Test_LoginPage_ExternalUser" storage="/var/jenkins_home/workspace/fb001-test_internal_user_login/fakebookintegrationtests/bin/debug/net6.0/fakebookintegrationtests.dll" id="2b105cf9-4085-2175-7ef3-8a3e8f3e5ceb">
      <Execution id="3c1ca05a-0293-460d-baab-7fadcf94e95f" />
      <TestMethod codeBase="/var/jenkins_home/workspace/FB001-Test_internal_user_login/FakebookIntegrationTests/bin/Debug/net6.0/FakebookIntegrationTests.dll" adapterTypeName="executor://xunit/VsTestRunner2/netcoreapp" className="FakebookIntegrationTests.Selenium.LoginPageTest" name="Test_LoginPage_ExternalUser" />
    </UnitTest>
    <UnitTest name="FakebookIntegrationTests.Selenium.LoginPageTest.Test_LoginPage_InternalUser" storage="/var/jenkins_home/workspace/fb001-test_internal_user_login/fakebookintegrationtests/bin/debug/net6.0/fakebookintegrationtests.dll" id="d4578188-4fcb-856b-9497-4e14bfa2776b">
      <Execution id="bf124080-ff99-47e5-94a9-12a200d0460b" />
      <TestMethod codeBase="/var/jenkins_home/workspace/FB001-Test_internal_user_login/FakebookIntegrationTests/bin/Debug/net6.0/FakebookIntegrationTests.dll" adapterTypeName="executor://xunit/VsTestRunner2/netcoreapp" className="FakebookIntegrationTests.Selenium.LoginPageTest" name="Test_LoginPage_InternalUser" />
    </UnitTest>
  </TestDefinitions>
  <TestEntries>
    <TestEntry testId="2b105cf9-4085-2175-7ef3-8a3e8f3e5ceb" executionId="3c1ca05a-0293-460d-baab-7fadcf94e95f" testListId="8c84fa94-04c1-424b-9868-57a2d4851a1d" />
    <TestEntry testId="d4578188-4fcb-856b-9497-4e14bfa2776b" executionId="bf124080-ff99-47e5-94a9-12a200d0460b" testListId="8c84fa94-04c1-424b-9868-57a2d4851a1d" />
  </TestEntries>
  <TestLists>
    <TestList name="Results Not in a List" id="8c84fa94-04c1-424b-9868-57a2d4851a1d" />
    <TestList name="All Loaded Results" id="19431567-8539-422a-85d7-44ee4e166bda" />
  </TestLists>
  <ResultSummary outcome="Completed">
    <Counters total="2" executed="2" passed="2" failed="0" error="0" timeout="0" aborted="0" inconclusive="0" passedButRunAborted="0" notRunnable="0" notExecuted="0" disconnected="0" warning="0" completed="0" inProgress="0" pending="0" />
    <Output>
      <StdOut>[xUnit.net 00:00:00.05] xUnit.net VSTest Adapter v2.4.5+1caef2f33e (64-bit .NET 6.0.36)
[xUnit.net 00:00:07.08]   Discovering: FakebookIntegrationTests
[xUnit.net 00:00:07.49]   Discovered:  FakebookIntegrationTests
[xUnit.net 00:00:07.52]   Starting:    FakebookIntegrationTests
[xUnit.net 00:00:27.61]   Finished:    FakebookIntegrationTests
</StdOut>
    </Output>
  </ResultSummary>
</TestRun>