<?xml version="1.0" encoding="utf-8"?>
<TestRun id="ab5c96a6-a066-4f46-8ae2-ac4d18ca826d" name="@a5e8d98a3d7b 2025-01-06 14:37:12" xmlns="http://microsoft.com/schemas/VisualStudio/TeamTest/2010">
  <Times creation="2025-01-06T14:37:12.2701610+00:00" queuing="2025-01-06T14:37:12.2701613+00:00" start="2025-01-06T14:36:54.1581755+00:00" finish="2025-01-06T14:37:12.3167490+00:00" />
  <TestSettings name="default" id="aa2af2c3-8efc-49ca-9768-85d5aa2495c2">
    <Deployment runDeploymentRoot="_a5e8d98a3d7b_2025-01-06_14_37_12" />
  </TestSettings>
  <Results>
    <UnitTestResult executionId="07300c4b-64f5-47d7-aa54-a2e02afe71f3" testId="2b105cf9-4085-2175-7ef3-8a3e8f3e5ceb" testName="FakebookIntegrationTests.Selenium.LoginPageTest.Test_LoginPage_ExternalUser" computerName="a5e8d98a3d7b" duration="00:00:10.2767608" startTime="2025-01-06T14:37:11.7623781+00:00" endTime="2025-01-06T14:37:11.7624891+00:00" testType="13cdc9d9-ddb5-4fa4-a97d-d965ccfc6d4b" outcome="Passed" testListId="8c84fa94-04c1-424b-9868-57a2d4851a1d" relativeResultsDirectory="07300c4b-64f5-47d7-aa54-a2e02afe71f3" />
  </Results>
  <TestDefinitions>
    <UnitTest name="FakebookIntegrationTests.Selenium.LoginPageTest.Test_LoginPage_ExternalUser" storage="/var/jenkins_home/workspace/fb001-test_external_user_login/fakebookintegrationtests/bin/debug/net6.0/fakebookintegrationtests.dll" id="2b105cf9-4085-2175-7ef3-8a3e8f3e5ceb">
      <Execution id="07300c4b-64f5-47d7-aa54-a2e02afe71f3" />
      <TestMethod codeBase="/var/jenkins_home/workspace/FB001-Test_external_user_login/FakebookIntegrationTests/bin/Debug/net6.0/FakebookIntegrationTests.dll" adapterTypeName="executor://xunit/VsTestRunner2/netcoreapp" className="FakebookIntegrationTests.Selenium.LoginPageTest" name="Test_LoginPage_ExternalUser" />
    </UnitTest>
  </TestDefinitions>
  <TestEntries>
    <TestEntry testId="2b105cf9-4085-2175-7ef3-8a3e8f3e5ceb" executionId="07300c4b-64f5-47d7-aa54-a2e02afe71f3" testListId="8c84fa94-04c1-424b-9868-57a2d4851a1d" />
  </TestEntries>
  <TestLists>
    <TestList name="Results Not in a List" id="8c84fa94-04c1-424b-9868-57a2d4851a1d" />
    <TestList name="All Loaded Results" id="19431567-8539-422a-85d7-44ee4e166bda" />
  </TestLists>
  <ResultSummary outcome="Completed">
    <Counters total="1" executed="1" passed="1" failed="0" error="0" timeout="0" aborted="0" inconclusive="0" passedButRunAborted="0" notRunnable="0" notExecuted="0" disconnected="0" warning="0" completed="0" inProgress="0" pending="0" />
    <Output>
      <StdOut>[xUnit.net 00:00:00.01] xUnit.net VSTest Adapter v2.4.5+1caef2f33e (64-bit .NET 6.0.36)
[xUnit.net 00:00:04.59]   Discovering: FakebookIntegrationTests
[xUnit.net 00:00:04.78]   Discovered:  FakebookIntegrationTests
[xUnit.net 00:00:04.80]   Starting:    FakebookIntegrationTests
[xUnit.net 00:00:15.60]   Finished:    FakebookIntegrationTests
</StdOut>
    </Output>
  </ResultSummary>
</TestRun>