<?xml version="1.0" encoding="utf-8"?>
<TestRun id="e9aeba2f-6645-408c-85fc-586a288e62b2" name="@a5e8d98a3d7b 2025-01-05 12:22:31" xmlns="http://microsoft.com/schemas/VisualStudio/TeamTest/2010">
  <Times creation="2025-01-05T12:22:31.4055523+00:00" queuing="2025-01-05T12:22:31.4055525+00:00" start="2025-01-05T12:22:15.6905557+00:00" finish="2025-01-05T12:22:31.4530536+00:00" />
  <TestSettings name="default" id="202a95ac-5404-442a-a9c2-f86239066698">
    <Deployment runDeploymentRoot="_a5e8d98a3d7b_2025-01-05_12_22_31" />
  </TestSettings>
  <Results>
    <UnitTestResult executionId="8e62d135-330a-4b5a-89b0-055c80454f90" testId="d4578188-4fcb-856b-9497-4e14bfa2776b" testName="FakebookIntegrationTests.Selenium.LoginPageTest.Test_LoginPage_InternalUser" computerName="a5e8d98a3d7b" duration="00:00:08.5634275" startTime="2025-01-05T12:22:30.9324608+00:00" endTime="2025-01-05T12:22:30.9326430+00:00" testType="13cdc9d9-ddb5-4fa4-a97d-d965ccfc6d4b" outcome="Passed" testListId="8c84fa94-04c1-424b-9868-57a2d4851a1d" relativeResultsDirectory="8e62d135-330a-4b5a-89b0-055c80454f90" />
  </Results>
  <TestDefinitions>
    <UnitTest name="FakebookIntegrationTests.Selenium.LoginPageTest.Test_LoginPage_InternalUser" storage="/var/jenkins_home/workspace/fb001-test_internal_user_login/fakebookintegrationtests/bin/debug/net6.0/fakebookintegrationtests.dll" id="d4578188-4fcb-856b-9497-4e14bfa2776b">
      <Execution id="8e62d135-330a-4b5a-89b0-055c80454f90" />
      <TestMethod codeBase="/var/jenkins_home/workspace/FB001-Test_internal_user_login/FakebookIntegrationTests/bin/Debug/net6.0/FakebookIntegrationTests.dll" adapterTypeName="executor://xunit/VsTestRunner2/netcoreapp" className="FakebookIntegrationTests.Selenium.LoginPageTest" name="Test_LoginPage_InternalUser" />
    </UnitTest>
  </TestDefinitions>
  <TestEntries>
    <TestEntry testId="d4578188-4fcb-856b-9497-4e14bfa2776b" executionId="8e62d135-330a-4b5a-89b0-055c80454f90" testListId="8c84fa94-04c1-424b-9868-57a2d4851a1d" />
  </TestEntries>
  <TestLists>
    <TestList name="Results Not in a List" id="8c84fa94-04c1-424b-9868-57a2d4851a1d" />
    <TestList name="All Loaded Results" id="19431567-8539-422a-85d7-44ee4e166bda" />
  </TestLists>
  <ResultSummary outcome="Completed">
    <Counters total="1" executed="1" passed="1" failed="0" error="0" timeout="0" aborted="0" inconclusive="0" passedButRunAborted="0" notRunnable="0" notExecuted="0" disconnected="0" warning="0" completed="0" inProgress="0" pending="0" />
    <Output>
      <StdOut>[xUnit.net 00:00:00.02] xUnit.net VSTest Adapter v2.4.5+1caef2f33e (64-bit .NET 6.0.36)
[xUnit.net 00:00:04.06]   Discovering: FakebookIntegrationTests
[xUnit.net 00:00:04.25]   Discovered:  FakebookIntegrationTests
[xUnit.net 00:00:04.27]   Starting:    FakebookIntegrationTests
[xUnit.net 00:00:13.12]   Finished:    FakebookIntegrationTests
</StdOut>
    </Output>
  </ResultSummary>
</TestRun>