<?xml version="1.0" encoding="utf-8"?>
<TestRun id="cd1473da-5a34-4d34-a68a-52809e164b82" name="@a5e8d98a3d7b 2025-01-04 07:07:42" xmlns="http://microsoft.com/schemas/VisualStudio/TeamTest/2010">
  <Times creation="2025-01-04T07:07:42.9644515+00:00" queuing="2025-01-04T07:07:42.9644517+00:00" start="2025-01-04T07:07:07.3927231+00:00" finish="2025-01-04T07:07:43.0597492+00:00" />
  <TestSettings name="default" id="583994d0-b914-4ad0-b102-9148de1d7505">
    <Deployment runDeploymentRoot="_a5e8d98a3d7b_2025-01-04_07_07_42" />
  </TestSettings>
  <Results>
    <UnitTestResult executionId="68a77318-b355-4880-8211-ae7a47b85250" testId="2b105cf9-4085-2175-7ef3-8a3e8f3e5ceb" testName="FakebookIntegrationTests.Selenium.LoginPageTest.Test_LoginPage_ExternalUser" computerName="a5e8d98a3d7b" duration="00:00:19.4247204" startTime="2025-01-04T07:07:41.5359129+00:00" endTime="2025-01-04T07:07:41.5368394+00:00" testType="13cdc9d9-ddb5-4fa4-a97d-d965ccfc6d4b" outcome="Passed" testListId="8c84fa94-04c1-424b-9868-57a2d4851a1d" relativeResultsDirectory="68a77318-b355-4880-8211-ae7a47b85250" />
  </Results>
  <TestDefinitions>
    <UnitTest name="FakebookIntegrationTests.Selenium.LoginPageTest.Test_LoginPage_ExternalUser" storage="/var/jenkins_home/workspace/fb001-test_external_user_login/fakebookintegrationtests/bin/debug/net6.0/fakebookintegrationtests.dll" id="2b105cf9-4085-2175-7ef3-8a3e8f3e5ceb">
      <Execution id="68a77318-b355-4880-8211-ae7a47b85250" />
      <TestMethod codeBase="/var/jenkins_home/workspace/FB001-Test_external_user_login/FakebookIntegrationTests/bin/Debug/net6.0/FakebookIntegrationTests.dll" adapterTypeName="executor://xunit/VsTestRunner2/netcoreapp" className="FakebookIntegrationTests.Selenium.LoginPageTest" name="Test_LoginPage_ExternalUser" />
    </UnitTest>
  </TestDefinitions>
  <TestEntries>
    <TestEntry testId="2b105cf9-4085-2175-7ef3-8a3e8f3e5ceb" executionId="68a77318-b355-4880-8211-ae7a47b85250" testListId="8c84fa94-04c1-424b-9868-57a2d4851a1d" />
  </TestEntries>
  <TestLists>
    <TestList name="Results Not in a List" id="8c84fa94-04c1-424b-9868-57a2d4851a1d" />
    <TestList name="All Loaded Results" id="19431567-8539-422a-85d7-44ee4e166bda" />
  </TestLists>
  <ResultSummary outcome="Completed">
    <Counters total="1" executed="1" passed="1" failed="0" error="0" timeout="0" aborted="0" inconclusive="0" passedButRunAborted="0" notRunnable="0" notExecuted="0" disconnected="0" warning="0" completed="0" inProgress="0" pending="0" />
    <Output>
      <StdOut>[xUnit.net 00:00:00.08] xUnit.net VSTest Adapter v2.4.5+1caef2f33e (64-bit .NET 6.0.36)
[xUnit.net 00:00:09.81]   Discovering: FakebookIntegrationTests
[xUnit.net 00:00:10.30]   Discovered:  FakebookIntegrationTests
[xUnit.net 00:00:10.36]   Starting:    FakebookIntegrationTests
[xUnit.net 00:00:30.61]   Finished:    FakebookIntegrationTests
</StdOut>
    </Output>
  </ResultSummary>
</TestRun>