<?xml version="1.0" encoding="utf-8"?>
<TestRun id="7598e018-f764-4e24-9968-d042a00adfda" name="@a5e8d98a3d7b 2025-01-08 08:18:16" xmlns="http://microsoft.com/schemas/VisualStudio/TeamTest/2010">
  <Times creation="2025-01-08T08:18:16.6152657+00:00" queuing="2025-01-08T08:18:16.6152658+00:00" start="2025-01-08T08:17:58.5078752+00:00" finish="2025-01-08T08:18:16.6756642+00:00" />
  <TestSettings name="default" id="33cbf50b-5ef4-444c-acfd-3faac35d7c6d">
    <Deployment runDeploymentRoot="_a5e8d98a3d7b_2025-01-08_08_18_16" />
  </TestSettings>
  <Results>
    <UnitTestResult executionId="0d9b8f2a-e60b-488d-bd04-ea1b9399620f" testId="2b105cf9-4085-2175-7ef3-8a3e8f3e5ceb" testName="FakebookIntegrationTests.Selenium.LoginPageTest.Test_LoginPage_ExternalUser" computerName="a5e8d98a3d7b" duration="00:00:09.5498514" startTime="2025-01-08T08:18:16.1022338+00:00" endTime="2025-01-08T08:18:16.1024100+00:00" testType="13cdc9d9-ddb5-4fa4-a97d-d965ccfc6d4b" outcome="Passed" testListId="8c84fa94-04c1-424b-9868-57a2d4851a1d" relativeResultsDirectory="0d9b8f2a-e60b-488d-bd04-ea1b9399620f" />
  </Results>
  <TestDefinitions>
    <UnitTest name="FakebookIntegrationTests.Selenium.LoginPageTest.Test_LoginPage_ExternalUser" storage="/var/jenkins_home/workspace/fb001-test_external_user_login/fakebookintegrationtests/bin/debug/net6.0/fakebookintegrationtests.dll" id="2b105cf9-4085-2175-7ef3-8a3e8f3e5ceb">
      <Execution id="0d9b8f2a-e60b-488d-bd04-ea1b9399620f" />
      <TestMethod codeBase="/var/jenkins_home/workspace/FB001-Test_external_user_login/FakebookIntegrationTests/bin/Debug/net6.0/FakebookIntegrationTests.dll" adapterTypeName="executor://xunit/VsTestRunner2/netcoreapp" className="FakebookIntegrationTests.Selenium.LoginPageTest" name="Test_LoginPage_ExternalUser" />
    </UnitTest>
  </TestDefinitions>
  <TestEntries>
    <TestEntry testId="2b105cf9-4085-2175-7ef3-8a3e8f3e5ceb" executionId="0d9b8f2a-e60b-488d-bd04-ea1b9399620f" testListId="8c84fa94-04c1-424b-9868-57a2d4851a1d" />
  </TestEntries>
  <TestLists>
    <TestList name="Results Not in a List" id="8c84fa94-04c1-424b-9868-57a2d4851a1d" />
    <TestList name="All Loaded Results" id="19431567-8539-422a-85d7-44ee4e166bda" />
  </TestLists>
  <ResultSummary outcome="Completed">
    <Counters total="1" executed="1" passed="1" failed="0" error="0" timeout="0" aborted="0" inconclusive="0" passedButRunAborted="0" notRunnable="0" notExecuted="0" disconnected="0" warning="0" completed="0" inProgress="0" pending="0" />
    <Output>
      <StdOut>[xUnit.net 00:00:00.06] xUnit.net VSTest Adapter v2.4.5+1caef2f33e (64-bit .NET 6.0.36)
[xUnit.net 00:00:04.99]   Discovering: FakebookIntegrationTests
[xUnit.net 00:00:05.27]   Discovered:  FakebookIntegrationTests
[xUnit.net 00:00:05.30]   Starting:    FakebookIntegrationTests
[xUnit.net 00:00:15.16]   Finished:    FakebookIntegrationTests
</StdOut>
    </Output>
  </ResultSummary>
</TestRun>