<?xml version="1.0" encoding="utf-8"?>
<TestRun id="04c0da75-0adb-4764-840f-a6ebea389f39" name="@a5e8d98a3d7b 2025-01-02 14:05:48" xmlns="http://microsoft.com/schemas/VisualStudio/TeamTest/2010">
  <Times creation="2025-01-02T14:05:48.6672246+00:00" queuing="2025-01-02T14:05:48.6672247+00:00" start="2025-01-02T14:05:33.6979088+00:00" finish="2025-01-02T14:05:54.1460028+00:00" />
  <TestSettings name="default" id="524315df-cdad-469d-8ce6-eb8ab8ecd480">
    <Deployment runDeploymentRoot="_a5e8d98a3d7b_2025-01-02_14_05_48" />
  </TestSettings>
  <Results>
    <UnitTestResult executionId="4a0b6425-1ad5-4a4b-9bc5-dacfad0411d6" testId="d4578188-4fcb-856b-9497-4e14bfa2776b" testName="FakebookIntegrationTests.Selenium.LoginPageTest.Test_LoginPage_InternalUser" computerName="a5e8d98a3d7b" duration="00:00:08.0658400" startTime="2025-01-02T14:05:48.5750914+00:00" endTime="2025-01-02T14:05:48.5751826+00:00" testType="13cdc9d9-ddb5-4fa4-a97d-d965ccfc6d4b" outcome="Passed" testListId="8c84fa94-04c1-424b-9868-57a2d4851a1d" relativeResultsDirectory="4a0b6425-1ad5-4a4b-9bc5-dacfad0411d6" />
    <UnitTestResult executionId="677640d8-d361-44f6-a71d-8c05c6716560" testId="2b105cf9-4085-2175-7ef3-8a3e8f3e5ceb" testName="FakebookIntegrationTests.Selenium.LoginPageTest.Test_LoginPage_ExternalUser" computerName="a5e8d98a3d7b" duration="00:00:05.2547385" startTime="2025-01-02T14:05:53.8284518+00:00" endTime="2025-01-02T14:05:53.8284520+00:00" testType="13cdc9d9-ddb5-4fa4-a97d-d965ccfc6d4b" outcome="Passed" testListId="8c84fa94-04c1-424b-9868-57a2d4851a1d" relativeResultsDirectory="677640d8-d361-44f6-a71d-8c05c6716560" />
  </Results>
  <TestDefinitions>
    <UnitTest name="FakebookIntegrationTests.Selenium.LoginPageTest.Test_LoginPage_ExternalUser" storage="/var/jenkins_home/workspace/fb001-test_internal_user_login/src/test/fakebookintegrationtests/bin/debug/net6.0/fakebookintegrationtests.dll" id="2b105cf9-4085-2175-7ef3-8a3e8f3e5ceb">
      <Execution id="677640d8-d361-44f6-a71d-8c05c6716560" />
      <TestMethod codeBase="/var/jenkins_home/workspace/FB001-Test_internal_user_login/src/test/FakebookIntegrationTests/bin/Debug/net6.0/FakebookIntegrationTests.dll" adapterTypeName="executor://xunit/VsTestRunner2/netcoreapp" className="FakebookIntegrationTests.Selenium.LoginPageTest" name="Test_LoginPage_ExternalUser" />
    </UnitTest>
    <UnitTest name="FakebookIntegrationTests.Selenium.LoginPageTest.Test_LoginPage_InternalUser" storage="/var/jenkins_home/workspace/fb001-test_internal_user_login/src/test/fakebookintegrationtests/bin/debug/net6.0/fakebookintegrationtests.dll" id="d4578188-4fcb-856b-9497-4e14bfa2776b">
      <Execution id="4a0b6425-1ad5-4a4b-9bc5-dacfad0411d6" />
      <TestMethod codeBase="/var/jenkins_home/workspace/FB001-Test_internal_user_login/src/test/FakebookIntegrationTests/bin/Debug/net6.0/FakebookIntegrationTests.dll" adapterTypeName="executor://xunit/VsTestRunner2/netcoreapp" className="FakebookIntegrationTests.Selenium.LoginPageTest" name="Test_LoginPage_InternalUser" />
    </UnitTest>
  </TestDefinitions>
  <TestEntries>
    <TestEntry testId="d4578188-4fcb-856b-9497-4e14bfa2776b" executionId="4a0b6425-1ad5-4a4b-9bc5-dacfad0411d6" testListId="8c84fa94-04c1-424b-9868-57a2d4851a1d" />
    <TestEntry testId="2b105cf9-4085-2175-7ef3-8a3e8f3e5ceb" executionId="677640d8-d361-44f6-a71d-8c05c6716560" testListId="8c84fa94-04c1-424b-9868-57a2d4851a1d" />
  </TestEntries>
  <TestLists>
    <TestList name="Results Not in a List" id="8c84fa94-04c1-424b-9868-57a2d4851a1d" />
    <TestList name="All Loaded Results" id="19431567-8539-422a-85d7-44ee4e166bda" />
  </TestLists>
  <ResultSummary outcome="Completed">
    <Counters total="2" executed="2" passed="2" failed="0" error="0" timeout="0" aborted="0" inconclusive="0" passedButRunAborted="0" notRunnable="0" notExecuted="0" disconnected="0" warning="0" completed="0" inProgress="0" pending="0" />
    <Output>
      <StdOut>[xUnit.net 00:00:00.02] xUnit.net VSTest Adapter v2.4.5+1caef2f33e (64-bit .NET 6.0.36)
[xUnit.net 00:00:04.35]   Discovering: FakebookIntegrationTests
[xUnit.net 00:00:04.59]   Discovered:  FakebookIntegrationTests
[xUnit.net 00:00:04.60]   Starting:    FakebookIntegrationTests
[xUnit.net 00:00:18.25]   Finished:    FakebookIntegrationTests
</StdOut>
    </Output>
  </ResultSummary>
</TestRun>