<?xml version="1.0" encoding="utf-8"?>
<TestRun id="c8928fc3-51c3-4ee5-847f-098df3c9d6f8" name="@a5e8d98a3d7b 2025-01-04 07:07:48" xmlns="http://microsoft.com/schemas/VisualStudio/TeamTest/2010">
  <Times creation="2025-01-04T07:07:48.5903552+00:00" queuing="2025-01-04T07:07:48.5903554+00:00" start="2025-01-04T07:07:07.7791398+00:00" finish="2025-01-04T07:07:48.7216994+00:00" />
  <TestSettings name="default" id="6db1fd6f-549c-41a6-a2fa-0db335600c1f">
    <Deployment runDeploymentRoot="_a5e8d98a3d7b_2025-01-04_07_07_48" />
  </TestSettings>
  <Results>
    <UnitTestResult executionId="e079e6a0-f68f-4742-93ee-4501405e6f6f" testId="d4578188-4fcb-856b-9497-4e14bfa2776b" testName="FakebookIntegrationTests.Selenium.LoginPageTest.Test_LoginPage_InternalUser" computerName="a5e8d98a3d7b" duration="00:00:24.7276705" startTime="2025-01-04T07:07:47.7556320+00:00" endTime="2025-01-04T07:07:47.7562888+00:00" testType="13cdc9d9-ddb5-4fa4-a97d-d965ccfc6d4b" outcome="Passed" testListId="8c84fa94-04c1-424b-9868-57a2d4851a1d" relativeResultsDirectory="e079e6a0-f68f-4742-93ee-4501405e6f6f" />
  </Results>
  <TestDefinitions>
    <UnitTest name="FakebookIntegrationTests.Selenium.LoginPageTest.Test_LoginPage_InternalUser" storage="/var/jenkins_home/workspace/fb001-test_internal_user_login/fakebookintegrationtests/bin/debug/net6.0/fakebookintegrationtests.dll" id="d4578188-4fcb-856b-9497-4e14bfa2776b">
      <Execution id="e079e6a0-f68f-4742-93ee-4501405e6f6f" />
      <TestMethod codeBase="/var/jenkins_home/workspace/FB001-Test_internal_user_login/FakebookIntegrationTests/bin/Debug/net6.0/FakebookIntegrationTests.dll" adapterTypeName="executor://xunit/VsTestRunner2/netcoreapp" className="FakebookIntegrationTests.Selenium.LoginPageTest" name="Test_LoginPage_InternalUser" />
    </UnitTest>
  </TestDefinitions>
  <TestEntries>
    <TestEntry testId="d4578188-4fcb-856b-9497-4e14bfa2776b" executionId="e079e6a0-f68f-4742-93ee-4501405e6f6f" testListId="8c84fa94-04c1-424b-9868-57a2d4851a1d" />
  </TestEntries>
  <TestLists>
    <TestList name="Results Not in a List" id="8c84fa94-04c1-424b-9868-57a2d4851a1d" />
    <TestList name="All Loaded Results" id="19431567-8539-422a-85d7-44ee4e166bda" />
  </TestLists>
  <ResultSummary outcome="Completed">
    <Counters total="1" executed="1" passed="1" failed="0" error="0" timeout="0" aborted="0" inconclusive="0" passedButRunAborted="0" notRunnable="0" notExecuted="0" disconnected="0" warning="0" completed="0" inProgress="0" pending="0" />
    <Output>
      <StdOut>[xUnit.net 00:00:00.06] xUnit.net VSTest Adapter v2.4.5+1caef2f33e (64-bit .NET 6.0.36)
[xUnit.net 00:00:10.09]   Discovering: FakebookIntegrationTests
[xUnit.net 00:00:10.60]   Discovered:  FakebookIntegrationTests
[xUnit.net 00:00:10.69]   Starting:    FakebookIntegrationTests
[xUnit.net 00:00:36.29]   Finished:    FakebookIntegrationTests
</StdOut>
    </Output>
  </ResultSummary>
</TestRun>