<?xml version="1.0" encoding="utf-8"?>
<TestRun id="b86325f4-d1c4-467e-8498-048d01c21d4e" name="@a5e8d98a3d7b 2025-01-01 15:32:39" xmlns="http://microsoft.com/schemas/VisualStudio/TeamTest/2010">
  <Times creation="2025-01-01T15:32:39.4015935+00:00" queuing="2025-01-01T15:32:39.4015936+00:00" start="2025-01-01T15:32:28.3636199+00:00" finish="2025-01-01T15:32:44.1361363+00:00" />
  <TestSettings name="default" id="776a9137-f974-48da-8bc4-5740d5cee72e">
    <Deployment runDeploymentRoot="_a5e8d98a3d7b_2025-01-01_15_32_39" />
  </TestSettings>
  <Results>
    <UnitTestResult executionId="668e9b8d-2492-49a0-8b2c-56db98d4bfa8" testId="d4578188-4fcb-856b-9497-4e14bfa2776b" testName="FakebookIntegrationTests.Selenium.LoginPageTest.Test_LoginPage_InternalUser" computerName="a5e8d98a3d7b" duration="00:00:06.2190146" startTime="2025-01-01T15:32:39.3141757+00:00" endTime="2025-01-01T15:32:39.3143489+00:00" testType="13cdc9d9-ddb5-4fa4-a97d-d965ccfc6d4b" outcome="Passed" testListId="8c84fa94-04c1-424b-9868-57a2d4851a1d" relativeResultsDirectory="668e9b8d-2492-49a0-8b2c-56db98d4bfa8" />
    <UnitTestResult executionId="c1002eff-8716-4117-8fed-1af1b4dc0162" testId="2b105cf9-4085-2175-7ef3-8a3e8f3e5ceb" testName="FakebookIntegrationTests.Selenium.LoginPageTest.Test_LoginPage_ExternalUser" computerName="a5e8d98a3d7b" duration="00:00:04.5600012" startTime="2025-01-01T15:32:43.8743224+00:00" endTime="2025-01-01T15:32:43.8743225+00:00" testType="13cdc9d9-ddb5-4fa4-a97d-d965ccfc6d4b" outcome="Passed" testListId="8c84fa94-04c1-424b-9868-57a2d4851a1d" relativeResultsDirectory="c1002eff-8716-4117-8fed-1af1b4dc0162" />
  </Results>
  <TestDefinitions>
    <UnitTest name="FakebookIntegrationTests.Selenium.LoginPageTest.Test_LoginPage_ExternalUser" storage="/var/jenkins_home/workspace/fb001-test_internal_user_login/src/test/fakebookintegrationtests/bin/debug/net6.0/fakebookintegrationtests.dll" id="2b105cf9-4085-2175-7ef3-8a3e8f3e5ceb">
      <Execution id="c1002eff-8716-4117-8fed-1af1b4dc0162" />
      <TestMethod codeBase="/var/jenkins_home/workspace/FB001-Test_internal_user_login/src/test/FakebookIntegrationTests/bin/Debug/net6.0/FakebookIntegrationTests.dll" adapterTypeName="executor://xunit/VsTestRunner2/netcoreapp" className="FakebookIntegrationTests.Selenium.LoginPageTest" name="Test_LoginPage_ExternalUser" />
    </UnitTest>
    <UnitTest name="FakebookIntegrationTests.Selenium.LoginPageTest.Test_LoginPage_InternalUser" storage="/var/jenkins_home/workspace/fb001-test_internal_user_login/src/test/fakebookintegrationtests/bin/debug/net6.0/fakebookintegrationtests.dll" id="d4578188-4fcb-856b-9497-4e14bfa2776b">
      <Execution id="668e9b8d-2492-49a0-8b2c-56db98d4bfa8" />
      <TestMethod codeBase="/var/jenkins_home/workspace/FB001-Test_internal_user_login/src/test/FakebookIntegrationTests/bin/Debug/net6.0/FakebookIntegrationTests.dll" adapterTypeName="executor://xunit/VsTestRunner2/netcoreapp" className="FakebookIntegrationTests.Selenium.LoginPageTest" name="Test_LoginPage_InternalUser" />
    </UnitTest>
  </TestDefinitions>
  <TestEntries>
    <TestEntry testId="d4578188-4fcb-856b-9497-4e14bfa2776b" executionId="668e9b8d-2492-49a0-8b2c-56db98d4bfa8" testListId="8c84fa94-04c1-424b-9868-57a2d4851a1d" />
    <TestEntry testId="2b105cf9-4085-2175-7ef3-8a3e8f3e5ceb" executionId="c1002eff-8716-4117-8fed-1af1b4dc0162" testListId="8c84fa94-04c1-424b-9868-57a2d4851a1d" />
  </TestEntries>
  <TestLists>
    <TestList name="Results Not in a List" id="8c84fa94-04c1-424b-9868-57a2d4851a1d" />
    <TestList name="All Loaded Results" id="19431567-8539-422a-85d7-44ee4e166bda" />
  </TestLists>
  <ResultSummary outcome="Completed">
    <Counters total="2" executed="2" passed="2" failed="0" error="0" timeout="0" aborted="0" inconclusive="0" passedButRunAborted="0" notRunnable="0" notExecuted="0" disconnected="0" warning="0" completed="0" inProgress="0" pending="0" />
    <Output>
      <StdOut>[xUnit.net 00:00:00.01] xUnit.net VSTest Adapter v2.4.5+1caef2f33e (64-bit .NET 6.0.36)
[xUnit.net 00:00:02.81]   Discovering: FakebookIntegrationTests
[xUnit.net 00:00:02.97]   Discovered:  FakebookIntegrationTests
[xUnit.net 00:00:02.98]   Starting:    FakebookIntegrationTests
[xUnit.net 00:00:14.00]   Finished:    FakebookIntegrationTests
</StdOut>
    </Output>
  </ResultSummary>